c:\users\vembudev\source\repos\shareit\shareit\debug\vc142.pdb
c:\users\vembudev\source\repos\shareit\shareit\debug\vc142.idb
c:\users\vembudev\source\repos\shareit\shareit\debug\socket.obj
c:\users\vembudev\source\repos\shareit\shareit\debug\foldercomponent.obj
c:\users\vembudev\source\repos\shareit\shareit\debug\filecomponent.obj
c:\users\vembudev\source\repos\shareit\shareit\debug\component.obj
c:\users\vembudev\source\repos\shareit\shareit\debug\socketfactory.obj
c:\users\vembudev\source\repos\shareit\shareit\debug\shareit.obj
c:\users\vembudev\source\repos\shareit\shareit\debug\serversocket.obj
c:\users\vembudev\source\repos\shareit\shareit\debug\clientsocket.obj
c:\users\vembudev\source\repos\shareit\shareit\debug\filehandler.obj
c:\users\vembudev\source\repos\shareit\debug\shareit.exe
c:\users\vembudev\source\repos\shareit\shareit\debug\shareit.ilk
c:\users\vembudev\source\repos\shareit\debug\shareit.pdb
c:\users\vembudev\source\repos\shareit\shareit\debug\shareit.tlog\cl.command.1.tlog
c:\users\vembudev\source\repos\shareit\shareit\debug\shareit.tlog\cl.read.1.tlog
c:\users\vembudev\source\repos\shareit\shareit\debug\shareit.tlog\cl.write.1.tlog
c:\users\vembudev\source\repos\shareit\shareit\debug\shareit.tlog\link.command.1.tlog
c:\users\vembudev\source\repos\shareit\shareit\debug\shareit.tlog\link.read.1.tlog
c:\users\vembudev\source\repos\shareit\shareit\debug\shareit.tlog\link.write.1.tlog
